<?xml version="1.0" encoding="UTF-8"?>
<testsuite xmlns:xsi="http://www.w3.org/2001/XMLSchema-instance" xsi:noNamespaceSchemaLocation="https://maven.apache.org/surefire/maven-surefire-plugin/xsd/surefire-test-report.xsd" name="com.occultus.learncase.unit.ch7.TimeLoggerTests" time="0.008" tests="1" errors="0" skipped="0" failures="0">
  <properties>
[...]
</properties>
  <testcase name="settingSystemTime_Always_ChangesTime" classname="com.occultus.learncase.unit.ch7.TimeLoggerTests" time="0.007"/>
</testsuite>